2026-03-03 14:39:37.903 [main] INFO  com.deadlock.bot.BotApplication - Starting Deadlock Discord Bot - Phase 0
2026-03-03 14:39:38.254 [main] INFO  c.d.bot.api.client.DeadlockApiClient - Testing Deadlock API connection...
2026-03-03 14:39:38.618 [main] ERROR c.d.bot.api.client.DeadlockApiClient - Failed to get heroes: HTTP 404
2026-03-03 14:39:38.620 [main] ERROR c.d.bot.api.client.DeadlockApiClient - ❌ Failed to load heroes
2026-03-03 14:39:38.620 [main] INFO  com.deadlock.bot.BotApplication - Phase 0 completed successfully!
2026-03-03 14:49:24.953 [main] INFO  com.deadlock.bot.BotApplication - Starting Deadlock Discord Bot - Phase 0
2026-03-03 14:49:25.312 [main] INFO  c.d.bot.api.client.DeadlockApiClient - Testing Deadlock API connection...
2026-03-03 14:49:31.174 [main] ERROR c.d.bot.api.client.DeadlockApiClient - Failed to get heroes: HTTP 404
2026-03-03 14:49:31.175 [main] ERROR c.d.bot.api.client.DeadlockApiClient - ❌ Failed to load heroes
2026-03-03 14:49:31.176 [main] INFO  com.deadlock.bot.BotApplication - Phase 0 completed successfully!
2026-03-03 17:19:09.016 [main] INFO  net.dv8tion.jda.api.JDA - Login Successful!
2026-03-03 17:19:09.804 [JDA MainWS-ReadThread] INFO  n.d.j.i.requests.WebSocketClient - Connected to WebSocket
2026-03-03 17:19:10.256 [JDA MainWS-ReadThread] INFO  net.dv8tion.jda.api.JDA - Finished Loading!
2026-03-03 17:20:50.053 [main] INFO  net.dv8tion.jda.api.JDA - Login Successful!
2026-03-03 17:20:50.722 [JDA MainWS-ReadThread] INFO  n.d.j.i.requests.WebSocketClient - Connected to WebSocket
2026-03-03 17:20:51.193 [JDA MainWS-ReadThread] INFO  net.dv8tion.jda.api.JDA - Finished Loading!
2026-03-03 19:42:39.587 [main] INFO  net.dv8tion.jda.api.JDA - Login Successful!
2026-03-03 19:42:39.946 [JDA MainWS-ReadThread] INFO  n.d.j.i.requests.WebSocketClient - Connected to WebSocket
2026-03-03 19:42:40.337 [JDA MainWS-ReadThread] INFO  net.dv8tion.jda.api.JDA - Finished Loading!
2026-03-03 19:57:00.685 [main] INFO  net.dv8tion.jda.api.JDA - Login Successful!
2026-03-03 19:57:01.047 [JDA MainWS-WriteThread] INFO  n.d.j.i.requests.WebSocketClient - Connected to WebSocket
2026-03-03 19:57:01.419 [JDA MainWS-ReadThread] INFO  net.dv8tion.jda.api.JDA - Finished Loading!
2026-03-03 20:00:26.537 [main] INFO  net.dv8tion.jda.api.JDA - Login Successful!
2026-03-03 20:00:26.880 [JDA MainWS-WriteThread] INFO  n.d.j.i.requests.WebSocketClient - Connected to WebSocket
2026-03-03 20:00:27.427 [JDA MainWS-ReadThread] INFO  net.dv8tion.jda.api.JDA - Finished Loading!
2026-03-03 20:53:23.335 [main] INFO  net.dv8tion.jda.api.JDA - Login Successful!
2026-03-03 20:53:24.071 [JDA MainWS-WriteThread] INFO  n.d.j.i.requests.WebSocketClient - Connected to WebSocket
2026-03-03 20:53:24.445 [JDA MainWS-ReadThread] INFO  net.dv8tion.jda.api.JDA - Finished Loading!
2026-03-03 20:55:22.721 [main] INFO  net.dv8tion.jda.api.JDA - Login Successful!
2026-03-03 20:55:23.424 [JDA MainWS-ReadThread] INFO  n.d.j.i.requests.WebSocketClient - Connected to WebSocket
2026-03-03 20:55:23.814 [JDA MainWS-ReadThread] INFO  net.dv8tion.jda.api.JDA - Finished Loading!
2026-03-03 20:56:51.625 [main] INFO  net.dv8tion.jda.api.JDA - Login Successful!
2026-03-03 20:56:52.397 [JDA MainWS-WriteThread] INFO  n.d.j.i.requests.WebSocketClient - Connected to WebSocket
2026-03-03 20:56:53.149 [JDA MainWS-ReadThread] INFO  net.dv8tion.jda.api.JDA - Finished Loading!
2026-03-03 21:25:45.216 [main] INFO  net.dv8tion.jda.api.JDA - Login Successful!
2026-03-03 21:25:45.578 [JDA MainWS-ReadThread] INFO  n.d.j.i.requests.WebSocketClient - Connected to WebSocket
2026-03-03 21:25:45.932 [JDA MainWS-ReadThread] INFO  net.dv8tion.jda.api.JDA - Finished Loading!
2026-03-03 21:28:47.502 [main] INFO  net.dv8tion.jda.api.JDA - Login Successful!
2026-03-03 21:28:47.886 [JDA MainWS-ReadThread] INFO  n.d.j.i.requests.WebSocketClient - Connected to WebSocket
2026-03-03 21:28:48.231 [JDA MainWS-ReadThread] INFO  net.dv8tion.jda.api.JDA - Finished Loading!
2026-03-03 22:21:10.746 [main] INFO  net.dv8tion.jda.api.JDA - Login Successful!
2026-03-03 22:21:11.512 [JDA MainWS-ReadThread] INFO  n.d.j.i.requests.WebSocketClient - Connected to WebSocket
2026-03-03 22:21:11.886 [JDA MainWS-ReadThread] INFO  net.dv8tion.jda.api.JDA - Finished Loading!
2026-03-03 22:54:30.264 [main] INFO  net.dv8tion.jda.api.JDA - Login Successful!
2026-03-03 22:54:31.018 [JDA MainWS-WriteThread] INFO  n.d.j.i.requests.WebSocketClient - Connected to WebSocket
2026-03-03 22:54:31.928 [JDA MainWS-ReadThread] INFO  net.dv8tion.jda.api.JDA - Finished Loading!
2026-03-03 23:04:03.442 [main] INFO  net.dv8tion.jda.api.JDA - Login Successful!
2026-03-03 23:04:04.181 [JDA MainWS-ReadThread] INFO  n.d.j.i.requests.WebSocketClient - Connected to WebSocket
2026-03-03 23:04:04.548 [JDA MainWS-ReadThread] INFO  net.dv8tion.jda.api.JDA - Finished Loading!
2026-03-03 23:20:28.718 [main] INFO  net.dv8tion.jda.api.JDA - Login Successful!
2026-03-03 23:20:29.470 [JDA MainWS-ReadThread] INFO  n.d.j.i.requests.WebSocketClient - Connected to WebSocket
2026-03-03 23:20:29.844 [JDA MainWS-ReadThread] INFO  net.dv8tion.jda.api.JDA - Finished Loading!
2026-03-03 23:56:31.187 [main] INFO  net.dv8tion.jda.api.JDA - Login Successful!
2026-03-03 23:56:31.995 [JDA MainWS-ReadThread] INFO  n.d.j.i.requests.WebSocketClient - Connected to WebSocket
2026-03-03 23:56:32.388 [JDA MainWS-ReadThread] INFO  net.dv8tion.jda.api.JDA - Finished Loading!
2026-03-06 00:43:22.572 [main] INFO  net.dv8tion.jda.api.JDA - Login Successful!
2026-03-06 00:43:22.951 [JDA MainWS-WriteThread] INFO  n.d.j.i.requests.WebSocketClient - Connected to WebSocket
2026-03-06 00:43:23.346 [JDA MainWS-ReadThread] INFO  net.dv8tion.jda.api.JDA - Finished Loading!
